2022-01-16 09:14:59.438  INFO 2568 --- [main] x.s.project_shop.ProjectShopApplication  : Starting ProjectShopApplication using Java 1.8.0_291 on DESKTOP-U1IE4I3 with PID 2568 (D:\Java_study\project_shop\target\classes started by slien in D:\Java_study\project_shop)
2022-01-16 09:14:59.471  INFO 2568 --- [main] x.s.project_shop.ProjectShopApplication  : No active profile set, falling back to default profiles: default
2022-01-16 09:15:00.643  INFO 2568 --- [main] .s.d.r.c.RepositoryConfigurationDelegate : Multiple Spring Data modules found, entering strict repository configuration mode!
2022-01-16 09:15:00.647  INFO 2568 --- [main] .s.d.r.c.RepositoryConfigurationDelegate : Bootstrapping Spring Data Redis repositories in DEFAULT mode.
2022-01-16 09:15:00.676  INFO 2568 --- [main] .s.d.r.c.RepositoryConfigurationDelegate : Finished Spring Data repository scanning in 13 ms. Found 0 Redis repository interfaces.
2022-01-16 09:15:00.960  INFO 2568 --- [main] trationDelegate$BeanPostProcessorChecker : Bean 'redisConfig' of type [xyz.slienceme.project_shop.config.RedisConfig$$EnhancerBySpringCGLIB$$d56beca] is not eligible for getting processed by all BeanPostProcessors (for example: not eligible for auto-proxying)
2022-01-16 09:15:01.257  INFO 2568 --- [main] o.s.b.w.embedded.tomcat.TomcatWebServer  : Tomcat initialized with port(s): 8081 (http)
2022-01-16 09:15:01.267  INFO 2568 --- [main] o.apache.catalina.core.StandardService   : Starting service [Tomcat]
2022-01-16 09:15:01.267  INFO 2568 --- [main] org.apache.catalina.core.StandardEngine  : Starting Servlet engine: [Apache Tomcat/9.0.50]
2022-01-16 09:15:01.372  INFO 2568 --- [main] o.a.c.c.C.[Tomcat].[localhost].[/]       : Initializing Spring embedded WebApplicationContext
2022-01-16 09:15:01.373  INFO 2568 --- [main] w.s.c.ServletWebServerApplicationContext : Root WebApplicationContext: initialization completed in 1813 ms
2022-01-16 09:15:02.021  WARN 2568 --- [main] ConfigServletWebServerApplicationContext : Exception encountered during context initialization - cancelling refresh attempt: org.springframework.beans.factory.UnsatisfiedDependencyException: Error creating bean with name 'httpFile': Unsatisfied dependency expressed through field 'restTemplate'; nested exception is org.springframework.beans.factory.NoSuchBeanDefinitionException: No qualifying bean of type 'org.springframework.web.client.RestTemplate' available: expected at least 1 bean which qualifies as autowire candidate. Dependency annotations: {@org.springframework.beans.factory.annotation.Autowired(required=true)}
2022-01-16 09:15:02.025  INFO 2568 --- [main] o.apache.catalina.core.StandardService   : Stopping service [Tomcat]
2022-01-16 09:15:02.037  INFO 2568 --- [main] ConditionEvaluationReportLoggingListener : 

Error starting ApplicationContext. To display the conditions report re-run your application with 'debug' enabled.
2022-01-16 09:15:02.060 ERROR 2568 --- [main] o.s.b.d.LoggingFailureAnalysisReporter   : 

***************************
APPLICATION FAILED TO START
***************************

Description:

Field restTemplate in xyz.slienceme.project_shop.utils.HttpFile required a bean of type 'org.springframework.web.client.RestTemplate' that could not be found.

The injection point has the following annotations:
	- @org.springframework.beans.factory.annotation.Autowired(required=true)


Action:

Consider defining a bean of type 'org.springframework.web.client.RestTemplate' in your configuration.

2022-01-16 09:16:44.061  INFO 2904 --- [main] x.s.project_shop.ProjectShopApplication  : Starting ProjectShopApplication using Java 1.8.0_291 on DESKTOP-U1IE4I3 with PID 2904 (D:\Java_study\project_shop\target\classes started by slien in D:\Java_study\project_shop)
2022-01-16 09:16:44.064  INFO 2904 --- [main] x.s.project_shop.ProjectShopApplication  : No active profile set, falling back to default profiles: default
2022-01-16 09:16:45.140  INFO 2904 --- [main] .s.d.r.c.RepositoryConfigurationDelegate : Multiple Spring Data modules found, entering strict repository configuration mode!
2022-01-16 09:16:45.143  INFO 2904 --- [main] .s.d.r.c.RepositoryConfigurationDelegate : Bootstrapping Spring Data Redis repositories in DEFAULT mode.
2022-01-16 09:16:45.167  INFO 2904 --- [main] .s.d.r.c.RepositoryConfigurationDelegate : Finished Spring Data repository scanning in 11 ms. Found 0 Redis repository interfaces.
2022-01-16 09:16:45.441  INFO 2904 --- [main] trationDelegate$BeanPostProcessorChecker : Bean 'redisConfig' of type [xyz.slienceme.project_shop.config.RedisConfig$$EnhancerBySpringCGLIB$$4b82cf2a] is not eligible for getting processed by all BeanPostProcessors (for example: not eligible for auto-proxying)
2022-01-16 09:16:45.697  INFO 2904 --- [main] o.s.b.w.embedded.tomcat.TomcatWebServer  : Tomcat initialized with port(s): 8081 (http)
2022-01-16 09:16:45.706  INFO 2904 --- [main] o.apache.catalina.core.StandardService   : Starting service [Tomcat]
2022-01-16 09:16:45.706  INFO 2904 --- [main] org.apache.catalina.core.StandardEngine  : Starting Servlet engine: [Apache Tomcat/9.0.50]
2022-01-16 09:16:45.802  INFO 2904 --- [main] o.a.c.c.C.[Tomcat].[localhost].[/]       : Initializing Spring embedded WebApplicationContext
2022-01-16 09:16:45.803  INFO 2904 --- [main] w.s.c.ServletWebServerApplicationContext : Root WebApplicationContext: initialization completed in 1689 ms
2022-01-16 09:16:46.799  INFO 2904 --- [main] pertySourcedRequestMappingHandlerMapping : Mapped URL path [/v2/api-docs] onto method [springfox.documentation.swagger2.web.Swagger2Controller#getDocumentation(String, HttpServletRequest)]
2022-01-16 09:16:47.053  INFO 2904 --- [main] o.s.b.w.embedded.tomcat.TomcatWebServer  : Tomcat started on port(s): 8081 (http) with context path ''
2022-01-16 09:16:47.054  INFO 2904 --- [main] d.s.w.p.DocumentationPluginsBootstrapper : Context refreshed
2022-01-16 09:16:47.070  INFO 2904 --- [main] d.s.w.p.DocumentationPluginsBootstrapper : Found 1 custom documentation plugin(s)
2022-01-16 09:16:47.141  INFO 2904 --- [main] s.d.s.w.s.ApiListingReferenceScanner     : Scanning for api listing references
2022-01-16 09:16:47.373  INFO 2904 --- [main] x.s.project_shop.ProjectShopApplication  : Started ProjectShopApplication in 4.133 seconds (JVM running for 5.281)
2022-01-16 09:16:58.740  INFO 2904 --- [http-nio-8081-exec-1] o.a.c.c.C.[Tomcat].[localhost].[/]       : Initializing Spring DispatcherServlet 'dispatcherServlet'
2022-01-16 09:16:58.741  INFO 2904 --- [http-nio-8081-exec-1] o.s.web.servlet.DispatcherServlet        : Initializing Servlet 'dispatcherServlet'
2022-01-16 09:16:58.743  INFO 2904 --- [http-nio-8081-exec-1] o.s.web.servlet.DispatcherServlet        : Completed initialization in 2 ms
2022-01-16 09:17:12.918  INFO 2904 --- [http-nio-8081-exec-7] x.s.p.controller.UpdateFileController    : 上传接口调用------------------post-----------------</img>:
2022-01-16 09:18:58.350  INFO 8292 --- [main] x.s.project_shop.ProjectShopApplication  : Starting ProjectShopApplication using Java 1.8.0_291 on DESKTOP-U1IE4I3 with PID 8292 (D:\Java_study\project_shop\target\classes started by slien in D:\Java_study\project_shop)
2022-01-16 09:18:58.355  INFO 8292 --- [main] x.s.project_shop.ProjectShopApplication  : No active profile set, falling back to default profiles: default
2022-01-16 09:18:59.929  INFO 8292 --- [main] .s.d.r.c.RepositoryConfigurationDelegate : Multiple Spring Data modules found, entering strict repository configuration mode!
2022-01-16 09:18:59.932  INFO 8292 --- [main] .s.d.r.c.RepositoryConfigurationDelegate : Bootstrapping Spring Data Redis repositories in DEFAULT mode.
2022-01-16 09:18:59.967  INFO 8292 --- [main] .s.d.r.c.RepositoryConfigurationDelegate : Finished Spring Data repository scanning in 15 ms. Found 0 Redis repository interfaces.
2022-01-16 09:19:00.418  INFO 8292 --- [main] trationDelegate$BeanPostProcessorChecker : Bean 'redisConfig' of type [xyz.slienceme.project_shop.config.RedisConfig$$EnhancerBySpringCGLIB$$97884ea1] is not eligible for getting processed by all BeanPostProcessors (for example: not eligible for auto-proxying)
2022-01-16 09:19:00.786  INFO 8292 --- [main] o.s.b.w.embedded.tomcat.TomcatWebServer  : Tomcat initialized with port(s): 8081 (http)
2022-01-16 09:19:00.795  INFO 8292 --- [main] o.apache.catalina.core.StandardService   : Starting service [Tomcat]
2022-01-16 09:19:00.795  INFO 8292 --- [main] org.apache.catalina.core.StandardEngine  : Starting Servlet engine: [Apache Tomcat/9.0.50]
2022-01-16 09:19:00.927  INFO 8292 --- [main] o.a.c.c.C.[Tomcat].[localhost].[/]       : Initializing Spring embedded WebApplicationContext
2022-01-16 09:19:00.927  INFO 8292 --- [main] w.s.c.ServletWebServerApplicationContext : Root WebApplicationContext: initialization completed in 2507 ms
2022-01-16 09:19:02.446  INFO 8292 --- [main] pertySourcedRequestMappingHandlerMapping : Mapped URL path [/v2/api-docs] onto method [springfox.documentation.swagger2.web.Swagger2Controller#getDocumentation(String, HttpServletRequest)]
2022-01-16 09:19:02.799  INFO 8292 --- [main] o.s.b.w.embedded.tomcat.TomcatWebServer  : Tomcat started on port(s): 8081 (http) with context path ''
2022-01-16 09:19:02.801  INFO 8292 --- [main] d.s.w.p.DocumentationPluginsBootstrapper : Context refreshed
2022-01-16 09:19:02.821  INFO 8292 --- [main] d.s.w.p.DocumentationPluginsBootstrapper : Found 1 custom documentation plugin(s)
2022-01-16 09:19:02.923  INFO 8292 --- [main] s.d.s.w.s.ApiListingReferenceScanner     : Scanning for api listing references
2022-01-16 09:19:03.340  INFO 8292 --- [main] x.s.project_shop.ProjectShopApplication  : Started ProjectShopApplication in 5.794 seconds (JVM running for 7.963)
2022-01-16 09:21:45.233  INFO 8292 --- [http-nio-8081-exec-1] o.a.c.c.C.[Tomcat].[localhost].[/]       : Initializing Spring DispatcherServlet 'dispatcherServlet'
2022-01-16 09:21:45.233  INFO 8292 --- [http-nio-8081-exec-1] o.s.web.servlet.DispatcherServlet        : Initializing Servlet 'dispatcherServlet'
2022-01-16 09:21:45.235  INFO 8292 --- [http-nio-8081-exec-1] o.s.web.servlet.DispatcherServlet        : Completed initialization in 2 ms
2022-01-16 09:21:51.901  WARN 8292 --- [http-nio-8081-exec-7] org.apache.catalina.connector.Request    : Creating the temporary upload location [C:\Users\slien\AppData\Local\Temp\tomcat.8081.1440038197912569822\work\Tomcat\localhost\ROOT] as it is required by the servlet [dispatcherServlet]
2022-01-16 09:21:51.926  INFO 8292 --- [http-nio-8081-exec-7] x.s.p.controller.UpdateFileController    : 上传接口调用------------------post-----------------</img>:
2022-01-16 09:26:37.459  INFO 11976 --- [main] x.s.project_shop.ProjectShopApplication  : Starting ProjectShopApplication using Java 1.8.0_291 on DESKTOP-U1IE4I3 with PID 11976 (D:\Java_study\project_shop\target\classes started by slien in D:\Java_study\project_shop)
2022-01-16 09:26:37.463  INFO 11976 --- [main] x.s.project_shop.ProjectShopApplication  : No active profile set, falling back to default profiles: default
2022-01-16 09:26:38.650  INFO 11976 --- [main] .s.d.r.c.RepositoryConfigurationDelegate : Multiple Spring Data modules found, entering strict repository configuration mode!
2022-01-16 09:26:38.652  INFO 11976 --- [main] .s.d.r.c.RepositoryConfigurationDelegate : Bootstrapping Spring Data Redis repositories in DEFAULT mode.
2022-01-16 09:26:38.677  INFO 11976 --- [main] .s.d.r.c.RepositoryConfigurationDelegate : Finished Spring Data repository scanning in 12 ms. Found 0 Redis repository interfaces.
2022-01-16 09:26:38.930  INFO 11976 --- [main] trationDelegate$BeanPostProcessorChecker : Bean 'redisConfig' of type [xyz.slienceme.project_shop.config.RedisConfig$$EnhancerBySpringCGLIB$$e5c8abb5] is not eligible for getting processed by all BeanPostProcessors (for example: not eligible for auto-proxying)
2022-01-16 09:26:39.184  INFO 11976 --- [main] o.s.b.w.embedded.tomcat.TomcatWebServer  : Tomcat initialized with port(s): 8081 (http)
2022-01-16 09:26:39.193  INFO 11976 --- [main] o.apache.catalina.core.StandardService   : Starting service [Tomcat]
2022-01-16 09:26:39.193  INFO 11976 --- [main] org.apache.catalina.core.StandardEngine  : Starting Servlet engine: [Apache Tomcat/9.0.50]
2022-01-16 09:26:39.289  INFO 11976 --- [main] o.a.c.c.C.[Tomcat].[localhost].[/]       : Initializing Spring embedded WebApplicationContext
2022-01-16 09:26:39.290  INFO 11976 --- [main] w.s.c.ServletWebServerApplicationContext : Root WebApplicationContext: initialization completed in 1770 ms
2022-01-16 09:26:40.315  INFO 11976 --- [main] pertySourcedRequestMappingHandlerMapping : Mapped URL path [/v2/api-docs] onto method [springfox.documentation.swagger2.web.Swagger2Controller#getDocumentation(String, HttpServletRequest)]
2022-01-16 09:26:40.645  INFO 11976 --- [main] o.s.b.w.embedded.tomcat.TomcatWebServer  : Tomcat started on port(s): 8081 (http) with context path ''
2022-01-16 09:26:40.647  INFO 11976 --- [main] d.s.w.p.DocumentationPluginsBootstrapper : Context refreshed
2022-01-16 09:26:40.661  INFO 11976 --- [main] d.s.w.p.DocumentationPluginsBootstrapper : Found 1 custom documentation plugin(s)
2022-01-16 09:26:40.748  INFO 11976 --- [main] s.d.s.w.s.ApiListingReferenceScanner     : Scanning for api listing references
2022-01-16 09:26:40.989  INFO 11976 --- [main] x.s.project_shop.ProjectShopApplication  : Started ProjectShopApplication in 4.248 seconds (JVM running for 5.4)
2022-01-16 09:26:44.170  INFO 11976 --- [http-nio-8081-exec-1] o.a.c.c.C.[Tomcat].[localhost].[/]       : Initializing Spring DispatcherServlet 'dispatcherServlet'
2022-01-16 09:26:44.171  INFO 11976 --- [http-nio-8081-exec-1] o.s.web.servlet.DispatcherServlet        : Initializing Servlet 'dispatcherServlet'
2022-01-16 09:26:44.172  INFO 11976 --- [http-nio-8081-exec-1] o.s.web.servlet.DispatcherServlet        : Completed initialization in 1 ms
2022-01-16 09:26:44.214  INFO 11976 --- [http-nio-8081-exec-1] x.s.p.controller.UpdateFileController    : 上传接口调用------------------post-----------------</img>:
2022-01-16 09:29:56.210  INFO 13840 --- [main] x.s.project_shop.ProjectShopApplication  : Starting ProjectShopApplication using Java 1.8.0_291 on DESKTOP-U1IE4I3 with PID 13840 (D:\Java_study\project_shop\target\classes started by slien in D:\Java_study\project_shop)
2022-01-16 09:29:56.213  INFO 13840 --- [main] x.s.project_shop.ProjectShopApplication  : No active profile set, falling back to default profiles: default
2022-01-16 09:29:57.496  INFO 13840 --- [main] .s.d.r.c.RepositoryConfigurationDelegate : Multiple Spring Data modules found, entering strict repository configuration mode!
2022-01-16 09:29:57.500  INFO 13840 --- [main] .s.d.r.c.RepositoryConfigurationDelegate : Bootstrapping Spring Data Redis repositories in DEFAULT mode.
2022-01-16 09:29:57.549  INFO 13840 --- [main] .s.d.r.c.RepositoryConfigurationDelegate : Finished Spring Data repository scanning in 22 ms. Found 0 Redis repository interfaces.
2022-01-16 09:29:57.976  INFO 13840 --- [main] trationDelegate$BeanPostProcessorChecker : Bean 'redisConfig' of type [xyz.slienceme.project_shop.config.RedisConfig$$EnhancerBySpringCGLIB$$b71f88ad] is not eligible for getting processed by all BeanPostProcessors (for example: not eligible for auto-proxying)
2022-01-16 09:29:58.423  INFO 13840 --- [main] o.s.b.w.embedded.tomcat.TomcatWebServer  : Tomcat initialized with port(s): 8081 (http)
2022-01-16 09:29:58.432  INFO 13840 --- [main] o.apache.catalina.core.StandardService   : Starting service [Tomcat]
2022-01-16 09:29:58.432  INFO 13840 --- [main] org.apache.catalina.core.StandardEngine  : Starting Servlet engine: [Apache Tomcat/9.0.50]
2022-01-16 09:29:58.552  INFO 13840 --- [main] o.a.c.c.C.[Tomcat].[localhost].[/]       : Initializing Spring embedded WebApplicationContext
2022-01-16 09:29:58.553  INFO 13840 --- [main] w.s.c.ServletWebServerApplicationContext : Root WebApplicationContext: initialization completed in 2261 ms
2022-01-16 09:29:59.587  INFO 13840 --- [main] pertySourcedRequestMappingHandlerMapping : Mapped URL path [/v2/api-docs] onto method [springfox.documentation.swagger2.web.Swagger2Controller#getDocumentation(String, HttpServletRequest)]
2022-01-16 09:29:59.848  INFO 13840 --- [main] o.s.b.w.embedded.tomcat.TomcatWebServer  : Tomcat started on port(s): 8081 (http) with context path ''
2022-01-16 09:29:59.849  INFO 13840 --- [main] d.s.w.p.DocumentationPluginsBootstrapper : Context refreshed
2022-01-16 09:29:59.863  INFO 13840 --- [main] d.s.w.p.DocumentationPluginsBootstrapper : Found 1 custom documentation plugin(s)
2022-01-16 09:29:59.931  INFO 13840 --- [main] s.d.s.w.s.ApiListingReferenceScanner     : Scanning for api listing references
2022-01-16 09:30:00.171  INFO 13840 --- [main] x.s.project_shop.ProjectShopApplication  : Started ProjectShopApplication in 5.369 seconds (JVM running for 7.627)
2022-01-16 09:30:27.850  INFO 13840 --- [http-nio-8081-exec-1] o.a.c.c.C.[Tomcat].[localhost].[/]       : Initializing Spring DispatcherServlet 'dispatcherServlet'
2022-01-16 09:30:27.850  INFO 13840 --- [http-nio-8081-exec-1] o.s.web.servlet.DispatcherServlet        : Initializing Servlet 'dispatcherServlet'
2022-01-16 09:30:27.851  INFO 13840 --- [http-nio-8081-exec-1] o.s.web.servlet.DispatcherServlet        : Completed initialization in 1 ms
2022-01-16 09:30:52.047  INFO 13840 --- [http-nio-8081-exec-7] x.s.p.controller.UpdateFileController    : 上传接口调用------------------post-----------------</img>:
2022-01-16 09:44:08.294  INFO 9508 --- [main] x.s.project_shop.ProjectShopApplication  : Starting ProjectShopApplication using Java 1.8.0_291 on DESKTOP-U1IE4I3 with PID 9508 (D:\Java_study\project_shop\target\classes started by slien in D:\Java_study\project_shop)
2022-01-16 09:44:08.299  INFO 9508 --- [main] x.s.project_shop.ProjectShopApplication  : No active profile set, falling back to default profiles: default
2022-01-16 09:44:09.555  INFO 9508 --- [main] .s.d.r.c.RepositoryConfigurationDelegate : Multiple Spring Data modules found, entering strict repository configuration mode!
2022-01-16 09:44:09.558  INFO 9508 --- [main] .s.d.r.c.RepositoryConfigurationDelegate : Bootstrapping Spring Data Redis repositories in DEFAULT mode.
2022-01-16 09:44:09.587  INFO 9508 --- [main] .s.d.r.c.RepositoryConfigurationDelegate : Finished Spring Data repository scanning in 13 ms. Found 0 Redis repository interfaces.
2022-01-16 09:44:09.950  INFO 9508 --- [main] trationDelegate$BeanPostProcessorChecker : Bean 'redisConfig' of type [xyz.slienceme.project_shop.config.RedisConfig$$EnhancerBySpringCGLIB$$97884ea1] is not eligible for getting processed by all BeanPostProcessors (for example: not eligible for auto-proxying)
2022-01-16 09:44:10.323  INFO 9508 --- [main] o.s.b.w.embedded.tomcat.TomcatWebServer  : Tomcat initialized with port(s): 8081 (http)
2022-01-16 09:44:10.334  INFO 9508 --- [main] o.apache.catalina.core.StandardService   : Starting service [Tomcat]
2022-01-16 09:44:10.334  INFO 9508 --- [main] org.apache.catalina.core.StandardEngine  : Starting Servlet engine: [Apache Tomcat/9.0.50]
2022-01-16 09:44:10.499  INFO 9508 --- [main] o.a.c.c.C.[Tomcat].[localhost].[/]       : Initializing Spring embedded WebApplicationContext
2022-01-16 09:44:10.501  INFO 9508 --- [main] w.s.c.ServletWebServerApplicationContext : Root WebApplicationContext: initialization completed in 2141 ms
2022-01-16 09:44:11.759  INFO 9508 --- [main] pertySourcedRequestMappingHandlerMapping : Mapped URL path [/v2/api-docs] onto method [springfox.documentation.swagger2.web.Swagger2Controller#getDocumentation(String, HttpServletRequest)]
2022-01-16 09:44:12.081  INFO 9508 --- [main] o.s.b.w.embedded.tomcat.TomcatWebServer  : Tomcat started on port(s): 8081 (http) with context path ''
2022-01-16 09:44:12.083  INFO 9508 --- [main] d.s.w.p.DocumentationPluginsBootstrapper : Context refreshed
2022-01-16 09:44:12.102  INFO 9508 --- [main] d.s.w.p.DocumentationPluginsBootstrapper : Found 1 custom documentation plugin(s)
2022-01-16 09:44:12.197  INFO 9508 --- [main] s.d.s.w.s.ApiListingReferenceScanner     : Scanning for api listing references
2022-01-16 09:44:12.513  INFO 9508 --- [main] x.s.project_shop.ProjectShopApplication  : Started ProjectShopApplication in 5.142 seconds (JVM running for 6.424)
2022-01-16 09:44:25.394  INFO 9508 --- [http-nio-8081-exec-1] o.a.c.c.C.[Tomcat].[localhost].[/]       : Initializing Spring DispatcherServlet 'dispatcherServlet'
2022-01-16 09:44:25.394  INFO 9508 --- [http-nio-8081-exec-1] o.s.web.servlet.DispatcherServlet        : Initializing Servlet 'dispatcherServlet'
2022-01-16 09:44:25.396  INFO 9508 --- [http-nio-8081-exec-1] o.s.web.servlet.DispatcherServlet        : Completed initialization in 2 ms
2022-01-16 09:44:25.464  INFO 9508 --- [http-nio-8081-exec-1] x.s.p.controller.UpdateFileController    : 上传接口调用------------------post-----------------</img>:
2022-01-16 09:44:25.510  WARN 9508 --- [http-nio-8081-exec-1] com.zaxxer.hikari.HikariConfig           : HikariPool-1 - idleTimeout is close to or more than maxLifetime, disabling it.
2022-01-16 09:44:25.510  INFO 9508 --- [http-nio-8081-exec-1] com.zaxxer.hikari.HikariDataSource       : HikariPool-1 - Starting...
2022-01-16 09:44:25.671  INFO 9508 --- [http-nio-8081-exec-1] com.zaxxer.hikari.HikariDataSource       : HikariPool-1 - Start completed.
