2022-02-27 22:53:18.154  INFO 10056 --- [main] x.s.project_shop.ProjectShopApplication  : Starting ProjectShopApplication using Java 1.8.0_291 on DESKTOP-U1IE4I3 with PID 10056 (D:\Java_study\project_shop\target\classes started by slien in D:\Java_study\project_shop)
2022-02-27 22:53:18.161  INFO 10056 --- [main] x.s.project_shop.ProjectShopApplication  : No active profile set, falling back to default profiles: default
2022-02-27 22:53:19.393  INFO 10056 --- [main] .s.d.r.c.RepositoryConfigurationDelegate : Multiple Spring Data modules found, entering strict repository configuration mode!
2022-02-27 22:53:19.396  INFO 10056 --- [main] .s.d.r.c.RepositoryConfigurationDelegate : Bootstrapping Spring Data Redis repositories in DEFAULT mode.
2022-02-27 22:53:19.428  INFO 10056 --- [main] .s.d.r.c.RepositoryConfigurationDelegate : Finished Spring Data repository scanning in 15 ms. Found 0 Redis repository interfaces.
2022-02-27 22:53:19.741  INFO 10056 --- [main] trationDelegate$BeanPostProcessorChecker : Bean 'redisConfig' of type [xyz.slienceme.project_shop.config.RedisConfig$$EnhancerBySpringCGLIB$$2b856b28] is not eligible for getting processed by all BeanPostProcessors (for example: not eligible for auto-proxying)
2022-02-27 22:53:20.081  INFO 10056 --- [main] o.s.b.w.embedded.tomcat.TomcatWebServer  : Tomcat initialized with port(s): 8081 (http)
2022-02-27 22:53:20.092  INFO 10056 --- [main] o.apache.catalina.core.StandardService   : Starting service [Tomcat]
2022-02-27 22:53:20.092  INFO 10056 --- [main] org.apache.catalina.core.StandardEngine  : Starting Servlet engine: [Apache Tomcat/9.0.50]
2022-02-27 22:53:20.202  INFO 10056 --- [main] o.a.c.c.C.[Tomcat].[localhost].[/]       : Initializing Spring embedded WebApplicationContext
2022-02-27 22:53:20.202  INFO 10056 --- [main] w.s.c.ServletWebServerApplicationContext : Root WebApplicationContext: initialization completed in 1930 ms
2022-02-27 22:53:21.426  INFO 10056 --- [main] pertySourcedRequestMappingHandlerMapping : Mapped URL path [/v2/api-docs] onto method [springfox.documentation.swagger2.web.Swagger2Controller#getDocumentation(String, HttpServletRequest)]
2022-02-27 22:53:21.725  INFO 10056 --- [main] o.s.b.w.embedded.tomcat.TomcatWebServer  : Tomcat started on port(s): 8081 (http) with context path ''
2022-02-27 22:53:21.726  INFO 10056 --- [main] d.s.w.p.DocumentationPluginsBootstrapper : Context refreshed
2022-02-27 22:53:21.741  INFO 10056 --- [main] d.s.w.p.DocumentationPluginsBootstrapper : Found 1 custom documentation plugin(s)
2022-02-27 22:53:21.864  INFO 10056 --- [main] s.d.s.w.s.ApiListingReferenceScanner     : Scanning for api listing references
2022-02-27 22:53:22.215  INFO 10056 --- [main] .d.s.w.r.o.CachingOperationNameGenerator : Generating unique operation named: auctionsListUsingGET_1
2022-02-27 22:53:22.267  INFO 10056 --- [main] x.s.project_shop.ProjectShopApplication  : Started ProjectShopApplication in 5.109 seconds (JVM running for 6.52)
2022-02-27 22:53:28.897  INFO 10056 --- [http-nio-8081-exec-1] o.a.c.c.C.[Tomcat].[localhost].[/]       : Initializing Spring DispatcherServlet 'dispatcherServlet'
2022-02-27 22:53:28.898  INFO 10056 --- [http-nio-8081-exec-1] o.s.web.servlet.DispatcherServlet        : Initializing Servlet 'dispatcherServlet'
2022-02-27 22:53:28.901  INFO 10056 --- [http-nio-8081-exec-1] o.s.web.servlet.DispatcherServlet        : Completed initialization in 3 ms
